

Started GET "/" for 127.0.0.1 at 2012-01-13 17:25:01 +0000

ActionController::RoutingError (No route matches [GET] "/"):
  

Rendered /Users/Gavin/.rvm/rubies/ruby-1.9.2-p290/lib/ruby/gems/1.9.1/gems/actionpack-3.1.3/lib/action_dispatch/middleware/templates/rescues/routing_error.erb within rescues/layout (19.3ms)


Started GET "/" for 127.0.0.1 at 2012-01-13 17:39:58 +0000

ActionController::RoutingError (No route matches [GET] "/"):
  

Rendered /Users/Gavin/.rvm/rubies/ruby-1.9.2-p290/lib/ruby/gems/1.9.1/gems/actionpack-3.1.3/lib/action_dispatch/middleware/templates/rescues/routing_error.erb within rescues/layout (10.7ms)


Started GET "/" for 127.0.0.1 at 2012-01-13 17:42:13 +0000

ActionController::RoutingError (No route matches [GET] "/"):
  

Rendered /Users/Gavin/.rvm/rubies/ruby-1.9.2-p290/lib/ruby/gems/1.9.1/gems/actionpack-3.1.3/lib/action_dispatch/middleware/templates/rescues/routing_error.erb within rescues/layout (0.6ms)


Started GET "/apples" for 127.0.0.1 at 2012-01-13 17:42:16 +0000

AbstractController::ActionNotFound (The action 'index' could not be found for ApplesController):
  

Rendered /Users/Gavin/.rvm/rubies/ruby-1.9.2-p290/lib/ruby/gems/1.9.1/gems/actionpack-3.1.3/lib/action_dispatch/middleware/templates/rescues/unknown_action.erb within rescues/layout (0.4ms)


Started GET "/apples" for 127.0.0.1 at 2012-01-13 17:43:19 +0000

ActionController::RoutingError (undefined local variable or method `notice' for ApplesController:Class):
  app/controllers/apples_controller.rb:5:in `<class:ApplesController>'
  app/controllers/apples_controller.rb:1:in `<top (required)>'

Rendered /Users/Gavin/.rvm/rubies/ruby-1.9.2-p290/lib/ruby/gems/1.9.1/gems/actionpack-3.1.3/lib/action_dispatch/middleware/templates/rescues/routing_error.erb within rescues/layout (0.7ms)


Started GET "/apples" for 127.0.0.1 at 2012-01-13 17:43:59 +0000

ActionController::RoutingError (undefined method `notice' for ApplesController:Class):
  app/controllers/apples_controller.rb:5:in `<class:ApplesController>'
  app/controllers/apples_controller.rb:1:in `<top (required)>'

Rendered /Users/Gavin/.rvm/rubies/ruby-1.9.2-p290/lib/ruby/gems/1.9.1/gems/actionpack-3.1.3/lib/action_dispatch/middleware/templates/rescues/routing_error.erb within rescues/layout (0.6ms)


Started GET "/apples" for 127.0.0.1 at 2012-01-13 17:43:59 +0000

ActionController::RoutingError (undefined method `notice' for ApplesController:Class):
  app/controllers/apples_controller.rb:5:in `<class:ApplesController>'
  app/controllers/apples_controller.rb:1:in `<top (required)>'

Rendered /Users/Gavin/.rvm/rubies/ruby-1.9.2-p290/lib/ruby/gems/1.9.1/gems/actionpack-3.1.3/lib/action_dispatch/middleware/templates/rescues/routing_error.erb within rescues/layout (0.6ms)


Started GET "/apples" for 127.0.0.1 at 2012-01-13 17:44:53 +0000

AbstractController::ActionNotFound (The action 'index' could not be found for ApplesController):
  

Rendered /Users/Gavin/.rvm/rubies/ruby-1.9.2-p290/lib/ruby/gems/1.9.1/gems/actionpack-3.1.3/lib/action_dispatch/middleware/templates/rescues/unknown_action.erb within rescues/layout (10.8ms)


Started GET "/apples" for 127.0.0.1 at 2012-01-13 17:45:32 +0000
  Processing by ApplesController#index as HTML
Rendered apples/index.html.erb within layouts/application (83.3ms)
Completed 500 Internal Server Error in 99ms

ActionView::Template::Error (undefined local variable or method `apples' for #<#<Class:0x00000101a0daf0>:0x000001019dd648>):
    1: <% for apple in apples %>
    2:   <div><%= apple.id %></div>
    3: <% end %>
  app/views/apples/index.html.erb:1:in `_app_views_apples_index_html_erb__4416709252167612849_2161041420'

Rendered /Users/Gavin/.rvm/rubies/ruby-1.9.2-p290/lib/ruby/gems/1.9.1/gems/actionpack-3.1.3/lib/action_dispatch/middleware/templates/rescues/_trace.erb (1.2ms)
Rendered /Users/Gavin/.rvm/rubies/ruby-1.9.2-p290/lib/ruby/gems/1.9.1/gems/actionpack-3.1.3/lib/action_dispatch/middleware/templates/rescues/_request_and_response.erb (0.9ms)
Rendered /Users/Gavin/.rvm/rubies/ruby-1.9.2-p290/lib/ruby/gems/1.9.1/gems/actionpack-3.1.3/lib/action_dispatch/middleware/templates/rescues/template_error.erb within rescues/layout (4.9ms)


Started GET "/apples" for 127.0.0.1 at 2012-01-13 17:46:43 +0000

ActionController::RoutingError (undefined method `pry' for #<Binding:0x000001011b27c0>):
  app/controllers/apples_controller.rb:7:in `<class:ApplesController>'
  app/controllers/apples_controller.rb:1:in `<top (required)>'

Rendered /Users/Gavin/.rvm/rubies/ruby-1.9.2-p290/lib/ruby/gems/1.9.1/gems/actionpack-3.1.3/lib/action_dispatch/middleware/templates/rescues/routing_error.erb within rescues/layout (11.5ms)


Started GET "/apples" for 127.0.0.1 at 2012-01-13 17:46:57 +0000
  Processing by ApplesController#index as HTML
Rendered apples/index.html.erb within layouts/application (70.5ms)
Completed 500 Internal Server Error in 78ms

ActionView::Template::Error (undefined local variable or method `apples' for #<#<Class:0x00000102ad6e40>:0x00000102e89600>):
    1: <% for apple in apples %>
    2:   <div><%= apple.id %></div>
    3: <% end %>
  app/views/apples/index.html.erb:1:in `_app_views_apples_index_html_erb___1096110774653702567_2171880080'

Rendered /Users/Gavin/.rvm/rubies/ruby-1.9.2-p290/lib/ruby/gems/1.9.1/gems/actionpack-3.1.3/lib/action_dispatch/middleware/templates/rescues/_trace.erb (1.2ms)
Rendered /Users/Gavin/.rvm/rubies/ruby-1.9.2-p290/lib/ruby/gems/1.9.1/gems/actionpack-3.1.3/lib/action_dispatch/middleware/templates/rescues/_request_and_response.erb (0.8ms)
Rendered /Users/Gavin/.rvm/rubies/ruby-1.9.2-p290/lib/ruby/gems/1.9.1/gems/actionpack-3.1.3/lib/action_dispatch/middleware/templates/rescues/template_error.erb within rescues/layout (4.0ms)


Started GET "/apples" for 127.0.0.1 at 2012-01-13 17:50:14 +0000
  Processing by ApplesController#index as HTML
Rendered apples/index.html.erb within layouts/application (13.0ms)
Completed 500 Internal Server Error in 17ms

ActionView::Template::Error (undefined local variable or method `apples' for #<#<Class:0x0000010321a468>:0x00000103216bb0>):
    1: <% for apple in apples %>
    2:   <div><%= apple.id %></div>
    3: <% end %>
  app/views/apples/index.html.erb:1:in `_app_views_apples_index_html_erb___1096110774653702567_2171880080'

Rendered /Users/Gavin/.rvm/rubies/ruby-1.9.2-p290/lib/ruby/gems/1.9.1/gems/actionpack-3.1.3/lib/action_dispatch/middleware/templates/rescues/_trace.erb (1.4ms)
Rendered /Users/Gavin/.rvm/rubies/ruby-1.9.2-p290/lib/ruby/gems/1.9.1/gems/actionpack-3.1.3/lib/action_dispatch/middleware/templates/rescues/_request_and_response.erb (1.0ms)
Rendered /Users/Gavin/.rvm/rubies/ruby-1.9.2-p290/lib/ruby/gems/1.9.1/gems/actionpack-3.1.3/lib/action_dispatch/middleware/templates/rescues/template_error.erb within rescues/layout (5.1ms)


Started GET "/apples" for 127.0.0.1 at 2012-01-13 17:50:14 +0000
  Processing by ApplesController#index as HTML
Rendered apples/index.html.erb within layouts/application (44.5ms)
Completed 500 Internal Server Error in 49ms

ActionView::Template::Error (undefined local variable or method `apples' for #<#<Class:0x00000102bf3148>:0x00000102be9ee0>):
    1: <% for apple in apples %>
    2:   <div><%= apple.id %></div>
    3: <% end %>
  app/views/apples/index.html.erb:1:in `_app_views_apples_index_html_erb___1096110774653702567_2171880080'

Rendered /Users/Gavin/.rvm/rubies/ruby-1.9.2-p290/lib/ruby/gems/1.9.1/gems/actionpack-3.1.3/lib/action_dispatch/middleware/templates/rescues/_trace.erb (1.3ms)
Rendered /Users/Gavin/.rvm/rubies/ruby-1.9.2-p290/lib/ruby/gems/1.9.1/gems/actionpack-3.1.3/lib/action_dispatch/middleware/templates/rescues/_request_and_response.erb (0.8ms)
Rendered /Users/Gavin/.rvm/rubies/ruby-1.9.2-p290/lib/ruby/gems/1.9.1/gems/actionpack-3.1.3/lib/action_dispatch/middleware/templates/rescues/template_error.erb within rescues/layout (4.0ms)


Started GET "/apples" for 127.0.0.1 at 2012-01-13 17:50:16 +0000
  Processing by ApplesController#index as HTML
Rendered apples/index.html.erb within layouts/application (19.2ms)
Completed 500 Internal Server Error in 23ms

ActionView::Template::Error (undefined local variable or method `apples' for #<#<Class:0x000001032a33a8>:0x0000010329e790>):
    1: <% for apple in apples %>
    2:   <div><%= apple.id %></div>
    3: <% end %>
  app/views/apples/index.html.erb:1:in `_app_views_apples_index_html_erb___1096110774653702567_2171880080'

Rendered /Users/Gavin/.rvm/rubies/ruby-1.9.2-p290/lib/ruby/gems/1.9.1/gems/actionpack-3.1.3/lib/action_dispatch/middleware/templates/rescues/_trace.erb (1.2ms)
Rendered /Users/Gavin/.rvm/rubies/ruby-1.9.2-p290/lib/ruby/gems/1.9.1/gems/actionpack-3.1.3/lib/action_dispatch/middleware/templates/rescues/_request_and_response.erb (0.8ms)
Rendered /Users/Gavin/.rvm/rubies/ruby-1.9.2-p290/lib/ruby/gems/1.9.1/gems/actionpack-3.1.3/lib/action_dispatch/middleware/templates/rescues/template_error.erb within rescues/layout (4.0ms)


Started GET "/apples" for 127.0.0.1 at 2012-01-13 17:50:28 +0000
  Processing by ApplesController#index as HTML
Rendered apples/index.html.erb within layouts/application (51.6ms)
Completed 500 Internal Server Error in 69ms

ActionView::Template::Error (undefined local variable or method `apples' for #<#<Class:0x00000102c52e68>:0x00000102c318d0>):
    1: <% for apple in apples %>
    2:   <div><%= apple.id %></div>
    3: <% end %>
  app/views/apples/index.html.erb:1:in `_app_views_apples_index_html_erb___1096110774653702567_2171880080'

Rendered /Users/Gavin/.rvm/rubies/ruby-1.9.2-p290/lib/ruby/gems/1.9.1/gems/actionpack-3.1.3/lib/action_dispatch/middleware/templates/rescues/_trace.erb (1.2ms)
Rendered /Users/Gavin/.rvm/rubies/ruby-1.9.2-p290/lib/ruby/gems/1.9.1/gems/actionpack-3.1.3/lib/action_dispatch/middleware/templates/rescues/_request_and_response.erb (0.9ms)
Rendered /Users/Gavin/.rvm/rubies/ruby-1.9.2-p290/lib/ruby/gems/1.9.1/gems/actionpack-3.1.3/lib/action_dispatch/middleware/templates/rescues/template_error.erb within rescues/layout (3.9ms)


Started GET "/apples" for 127.0.0.1 at 2012-01-13 17:50:42 +0000
  Processing by ApplesController#index as HTML
Rendered apples/index.html.erb within layouts/application (20.4ms)
Completed 500 Internal Server Error in 24ms

ActionView::Template::Error (undefined local variable or method `apples' for #<#<Class:0x000001033d07f8>:0x000001033cbde8>):
    1: <% for apple in apples %>
    2:   <div><%= apple.id %></div>
    3: <% end %>
  app/views/apples/index.html.erb:1:in `_app_views_apples_index_html_erb___1096110774653702567_2171880080'

Rendered /Users/Gavin/.rvm/rubies/ruby-1.9.2-p290/lib/ruby/gems/1.9.1/gems/actionpack-3.1.3/lib/action_dispatch/middleware/templates/rescues/_trace.erb (2.1ms)
Rendered /Users/Gavin/.rvm/rubies/ruby-1.9.2-p290/lib/ruby/gems/1.9.1/gems/actionpack-3.1.3/lib/action_dispatch/middleware/templates/rescues/_request_and_response.erb (0.8ms)
Rendered /Users/Gavin/.rvm/rubies/ruby-1.9.2-p290/lib/ruby/gems/1.9.1/gems/actionpack-3.1.3/lib/action_dispatch/middleware/templates/rescues/template_error.erb within rescues/layout (5.0ms)
  [1m[36m (0.1ms)[0m  [1mselect sqlite_version(*)[0m
  [1m[35m (1.9ms)[0m  CREATE TABLE "schema_migrations" ("version" varchar(255) NOT NULL) 
  [1m[36m (0.0ms)[0m  [1mPRAGMA index_list("schema_migrations")[0m
  [1m[35m (24.2ms)[0m  CREATE UNIQUE INDEX "unique_schema_migrations" ON "schema_migrations" ("version")
  [1m[36m (0.1ms)[0m  [1mSELECT "schema_migrations"."version" FROM "schema_migrations" [0m
Migrating to CreateApples (20120113182127)
  [1m[35m (0.4ms)[0m  CREATE TABLE "apples" ("id" INTEGER PRIMARY KEY AUTOINCREMENT NOT NULL, "created_at" datetime, "updated_at" datetime) 
  [1m[36m (0.1ms)[0m  [1mINSERT INTO "schema_migrations" ("version") VALUES ('20120113182127')[0m
  [1m[35m (0.3ms)[0m  select sqlite_version(*)
  [1m[36m (0.1ms)[0m  [1mSELECT "schema_migrations"."version" FROM "schema_migrations" [0m
  [1m[35m (0.0ms)[0m  PRAGMA index_list("apples")
  [1m[36m (0.8ms)[0m  [1mselect sqlite_version(*)[0m
  [1m[35m (0.1ms)[0m  SELECT "schema_migrations"."version" FROM "schema_migrations" 
  [1m[36m (0.0ms)[0m  [1mPRAGMA index_list("apples")[0m
  [1m[35m (0.3ms)[0m  select sqlite_version(*)
  [1m[36m (3.7ms)[0m  [1mCREATE TABLE "apples" ("id" INTEGER PRIMARY KEY AUTOINCREMENT NOT NULL, "created_at" datetime, "updated_at" datetime) [0m
  [1m[35m (1.3ms)[0m  CREATE TABLE "schema_migrations" ("version" varchar(255) NOT NULL) 
  [1m[36m (0.0ms)[0m  [1mPRAGMA index_list("schema_migrations")[0m
  [1m[35m (1.2ms)[0m  CREATE UNIQUE INDEX "unique_schema_migrations" ON "schema_migrations" ("version")
  [1m[36m (0.1ms)[0m  [1mSELECT version FROM "schema_migrations"[0m
  [1m[35m (1.2ms)[0m  INSERT INTO "schema_migrations" (version) VALUES ('20120113182127')


Started GET "/" for 127.0.0.1 at 2012-01-13 19:33:03 +0000

ActionController::RoutingError (No route matches [GET] "/"):
  

Rendered /Users/Gavin/.rvm/rubies/ruby-1.9.2-p290/lib/ruby/gems/1.9.1/gems/actionpack-3.1.3/lib/action_dispatch/middleware/templates/rescues/routing_error.erb within rescues/layout (13.0ms)


Started GET "/apples" for 127.0.0.1 at 2012-01-13 19:33:05 +0000
  Processing by ApplesController#index as HTML
Rendered apples/index.html.erb within layouts/application (47.7ms)
Completed 500 Internal Server Error in 52ms

ActionView::Template::Error (undefined local variable or method `apples' for #<#<Class:0x00000103d96ad0>:0x00000103d85640>):
    1: <% for apple in apples %>
    2:   <div><%= apple.id %></div>
    3: <% end %>
  app/views/apples/index.html.erb:1:in `_app_views_apples_index_html_erb___3323771232380970277_2179669540'

Rendered /Users/Gavin/.rvm/rubies/ruby-1.9.2-p290/lib/ruby/gems/1.9.1/gems/actionpack-3.1.3/lib/action_dispatch/middleware/templates/rescues/_trace.erb (1.4ms)
Rendered /Users/Gavin/.rvm/rubies/ruby-1.9.2-p290/lib/ruby/gems/1.9.1/gems/actionpack-3.1.3/lib/action_dispatch/middleware/templates/rescues/_request_and_response.erb (0.9ms)
Rendered /Users/Gavin/.rvm/rubies/ruby-1.9.2-p290/lib/ruby/gems/1.9.1/gems/actionpack-3.1.3/lib/action_dispatch/middleware/templates/rescues/template_error.erb within rescues/layout (4.7ms)


Started GET "/apples" for 127.0.0.1 at 2012-01-13 19:33:58 +0000
  Processing by ApplesController#index as HTML
  [1m[36mApple Load (0.3ms)[0m  [1mSELECT "apples".* FROM "apples" [0m
Rendered apples/index.html.erb within layouts/application (38.0ms)
Compiled application.css  (1ms)  (pid 61303)
Compiled apples.css  (0ms)  (pid 61303)
Completed 500 Internal Server Error in 219ms

ActionView::Template::Error (undefined local variable or method `current_user' for #<#<Class:0x000001016273f0>:0x000001016197f0>):
    9: 
    10:   <div id="content">
    11:     
    12:     <% if current_user %>
    13:       <%= link_to("log out", main_app.session_path, method: :delete) %>
    14:     <% else %>
    15:       <%= link_to("log in", main_app.new_session_path) %>
  app/views/layouts/application.html.erb:12:in `_app_views_layouts_application_html_erb___1314324832684228128_2164269000'

Rendered /Users/Gavin/.rvm/rubies/ruby-1.9.2-p290/lib/ruby/gems/1.9.1/gems/actionpack-3.1.3/lib/action_dispatch/middleware/templates/rescues/_trace.erb (1.2ms)
Rendered /Users/Gavin/.rvm/rubies/ruby-1.9.2-p290/lib/ruby/gems/1.9.1/gems/actionpack-3.1.3/lib/action_dispatch/middleware/templates/rescues/_request_and_response.erb (0.9ms)
Rendered /Users/Gavin/.rvm/rubies/ruby-1.9.2-p290/lib/ruby/gems/1.9.1/gems/actionpack-3.1.3/lib/action_dispatch/middleware/templates/rescues/template_error.erb within rescues/layout (4.0ms)


Started GET "/apples" for 127.0.0.1 at 2012-01-13 19:34:28 +0000
  Processing by ApplesController#index as HTML
  [1m[35mApple Load (0.1ms)[0m  SELECT "apples".* FROM "apples" 
Rendered apples/index.html.erb within layouts/application (1.3ms)
Completed 200 OK in 10ms (Views: 9.6ms | ActiveRecord: 0.2ms)


Started GET "/assets/apples.css?body=1" for 127.0.0.1 at 2012-01-13 19:34:28 +0000
Served asset /apples.css - 200 OK (3ms)


Started GET "/assets/application.css?body=1" for 127.0.0.1 at 2012-01-13 19:34:28 +0000
Served asset /application.css - 200 OK (0ms)


Started GET "/assets/blogit.css" for 127.0.0.1 at 2012-01-13 19:34:28 +0000
Served asset /blogit.css - 404 Not Found (1ms)

ActionController::RoutingError (No route matches [GET] "/assets/blogit.css"):
  

Rendered /Users/Gavin/.rvm/rubies/ruby-1.9.2-p290/lib/ruby/gems/1.9.1/gems/actionpack-3.1.3/lib/action_dispatch/middleware/templates/rescues/routing_error.erb within rescues/layout (0.6ms)


Started GET "/apples/new" for 127.0.0.1 at 2012-01-13 19:34:33 +0000
  Processing by ApplesController#new as HTML
Rendered apples/new.html.erb within layouts/application (22.1ms)
Completed 500 Internal Server Error in 28ms

ActionView::Template::Error (undefined local variable or method `f' for #<#<Class:0x00000103078880>:0x00000103037b78>):
    1: <%= form_for apple do %>
    2:   
    3:   <%= f.submit %>
    4: <% end %>
  app/views/apples/new.html.erb:3:in `block in _app_views_apples_new_html_erb__128267114656579630_2172666700'
  app/views/apples/new.html.erb:1:in `_app_views_apples_new_html_erb__128267114656579630_2172666700'

Rendered /Users/Gavin/.rvm/rubies/ruby-1.9.2-p290/lib/ruby/gems/1.9.1/gems/actionpack-3.1.3/lib/action_dispatch/middleware/templates/rescues/_trace.erb (1.4ms)
Rendered /Users/Gavin/.rvm/rubies/ruby-1.9.2-p290/lib/ruby/gems/1.9.1/gems/actionpack-3.1.3/lib/action_dispatch/middleware/templates/rescues/_request_and_response.erb (0.8ms)
Rendered /Users/Gavin/.rvm/rubies/ruby-1.9.2-p290/lib/ruby/gems/1.9.1/gems/actionpack-3.1.3/lib/action_dispatch/middleware/templates/rescues/template_error.erb within rescues/layout (4.2ms)


Started GET "/apples/new" for 127.0.0.1 at 2012-01-13 19:34:49 +0000
  Processing by ApplesController#new as HTML
Rendered apples/new.html.erb within layouts/application (7.2ms)
Completed 200 OK in 15ms (Views: 14.1ms | ActiveRecord: 0.2ms)


Started GET "/assets/apples.css?body=1" for 127.0.0.1 at 2012-01-13 19:34:49 +0000
Served asset /apples.css - 304 Not Modified (0ms)


Started GET "/assets/application.css?body=1" for 127.0.0.1 at 2012-01-13 19:34:49 +0000
Served asset /application.css - 304 Not Modified (0ms)


Started GET "/assets/blogit.css" for 127.0.0.1 at 2012-01-13 19:34:49 +0000
Served asset /blogit.css - 404 Not Found (4ms)

ActionController::RoutingError (No route matches [GET] "/assets/blogit.css"):
  

Rendered /Users/Gavin/.rvm/rubies/ruby-1.9.2-p290/lib/ruby/gems/1.9.1/gems/actionpack-3.1.3/lib/action_dispatch/middleware/templates/rescues/routing_error.erb within rescues/layout (0.6ms)


Started POST "/apples" for 127.0.0.1 at 2012-01-13 19:34:51 +0000
  Processing by ApplesController#create as HTML
  Parameters: {"utf8"=>"✓", "authenticity_token"=>"twtElnfFNiAYfWQAinHs5TTHF/DD2KyMvwAtzquuMaY=", "commit"=>"Create Apple"}
  [1m[36mSQL (16.3ms)[0m  [1mINSERT INTO "apples" ("created_at", "updated_at") VALUES (?, ?)[0m  [["created_at", Fri, 13 Jan 2012 19:34:51 UTC +00:00], ["updated_at", Fri, 13 Jan 2012 19:34:51 UTC +00:00]]
Redirected to http://localhost:3000/apples/1
Completed 302 Found in 26ms


Started GET "/apples/1" for 127.0.0.1 at 2012-01-13 19:34:51 +0000
  Processing by ApplesController#show as HTML
  Parameters: {"id"=>"1"}
  [1m[35mApple Load (0.2ms)[0m  SELECT "apples".* FROM "apples" WHERE "apples"."id" = ? LIMIT 1  [["id", "1"]]
Rendered apples/show.html.erb within layouts/application (6.4ms)
Completed 200 OK in 14ms (Views: 12.8ms | ActiveRecord: 0.6ms)


Started GET "/assets/application.css?body=1" for 127.0.0.1 at 2012-01-13 19:34:51 +0000
Served asset /application.css - 304 Not Modified (0ms)


Started GET "/assets/apples.css?body=1" for 127.0.0.1 at 2012-01-13 19:34:51 +0000
Served asset /apples.css - 304 Not Modified (0ms)


Started GET "/assets/blogit.css" for 127.0.0.1 at 2012-01-13 19:34:51 +0000
Served asset /blogit.css - 404 Not Found (1ms)

ActionController::RoutingError (No route matches [GET] "/assets/blogit.css"):
  

Rendered /Users/Gavin/.rvm/rubies/ruby-1.9.2-p290/lib/ruby/gems/1.9.1/gems/actionpack-3.1.3/lib/action_dispatch/middleware/templates/rescues/routing_error.erb within rescues/layout (0.9ms)


Started GET "/apples/1/edit" for 127.0.0.1 at 2012-01-13 19:35:00 +0000
  Processing by ApplesController#edit as HTML
  Parameters: {"id"=>"1"}
  [1m[36mApple Load (0.2ms)[0m  [1mSELECT "apples".* FROM "apples" WHERE "apples"."id" = ? LIMIT 1[0m  [["id", "1"]]
Rendered apples/edit.html.erb within layouts/application (13.4ms)
Completed 200 OK in 62ms (Views: 61.4ms | ActiveRecord: 0.5ms)


Started GET "/assets/blogit.css" for 127.0.0.1 at 2012-01-13 19:35:00 +0000
Served asset /blogit.css - 404 Not Found (1ms)

ActionController::RoutingError (No route matches [GET] "/assets/blogit.css"):
  

Rendered /Users/Gavin/.rvm/rubies/ruby-1.9.2-p290/lib/ruby/gems/1.9.1/gems/actionpack-3.1.3/lib/action_dispatch/middleware/templates/rescues/routing_error.erb within rescues/layout (0.6ms)


Started GET "/assets/apples.css?body=1" for 127.0.0.1 at 2012-01-13 19:35:00 +0000
Served asset /apples.css - 304 Not Modified (0ms)


Started GET "/assets/application.css?body=1" for 127.0.0.1 at 2012-01-13 19:35:00 +0000
Served asset /application.css - 304 Not Modified (0ms)


Started PUT "/apples/1" for 127.0.0.1 at 2012-01-13 19:35:01 +0000
  Processing by ApplesController#update as HTML
  Parameters: {"utf8"=>"✓", "authenticity_token"=>"twtElnfFNiAYfWQAinHs5TTHF/DD2KyMvwAtzquuMaY=", "commit"=>"Update Apple", "id"=>"1"}
  [1m[35mApple Load (0.1ms)[0m  SELECT "apples".* FROM "apples" WHERE "apples"."id" = ? LIMIT 1  [["id", "1"]]
Redirected to http://localhost:3000/apples/1
Completed 302 Found in 10ms


Started GET "/apples/1" for 127.0.0.1 at 2012-01-13 19:35:02 +0000
  Processing by ApplesController#show as HTML
  Parameters: {"id"=>"1"}
  [1m[36mApple Load (0.1ms)[0m  [1mSELECT "apples".* FROM "apples" WHERE "apples"."id" = ? LIMIT 1[0m  [["id", "1"]]
Rendered apples/show.html.erb within layouts/application (6.4ms)
Completed 200 OK in 19ms (Views: 18.4ms | ActiveRecord: 0.4ms)


Started GET "/assets/application.css?body=1" for 127.0.0.1 at 2012-01-13 19:35:02 +0000
Served asset /application.css - 304 Not Modified (0ms)


Started GET "/assets/blogit.css" for 127.0.0.1 at 2012-01-13 19:35:02 +0000
Served asset /blogit.css - 404 Not Found (2ms)

ActionController::RoutingError (No route matches [GET] "/assets/blogit.css"):
  

Rendered /Users/Gavin/.rvm/rubies/ruby-1.9.2-p290/lib/ruby/gems/1.9.1/gems/actionpack-3.1.3/lib/action_dispatch/middleware/templates/rescues/routing_error.erb within rescues/layout (0.6ms)


Started GET "/assets/apples.css?body=1" for 127.0.0.1 at 2012-01-13 19:35:02 +0000
Served asset /apples.css - 304 Not Modified (0ms)


Started GET "/" for 127.0.0.1 at 2012-01-15 15:33:07 +0000

ActionController::RoutingError (No route matches [GET] "/"):
  

Rendered /Users/Gavin/.rvm/rubies/ruby-1.9.2-p290/lib/ruby/gems/1.9.1/gems/actionpack-3.1.3/lib/action_dispatch/middleware/templates/rescues/routing_error.erb within rescues/layout (11.4ms)


Started GET "/apples/1" for 127.0.0.1 at 2012-01-15 15:33:11 +0000
  Processing by ApplesController#show as HTML
  Parameters: {"id"=>"1"}
  [1m[36mApple Load (13.0ms)[0m  [1mSELECT "apples".* FROM "apples" WHERE "apples"."id" = ? LIMIT 1[0m  [["id", "1"]]
Rendered apples/show.html.erb within layouts/application (51.0ms)
Completed 500 Internal Server Error in 71ms

ActionView::Template::Error (undefined local variable or method `apple' for #<#<Class:0x00000103c5c638>:0x00000103c55d10>):
    1: <%= apple.id %>
  app/views/apples/show.html.erb:1:in `_app_views_apples_show_html_erb__1750210404499292306_2179101180'

Rendered /Users/Gavin/.rvm/rubies/ruby-1.9.2-p290/lib/ruby/gems/1.9.1/gems/actionpack-3.1.3/lib/action_dispatch/middleware/templates/rescues/_trace.erb (1.3ms)
Rendered /Users/Gavin/.rvm/rubies/ruby-1.9.2-p290/lib/ruby/gems/1.9.1/gems/actionpack-3.1.3/lib/action_dispatch/middleware/templates/rescues/_request_and_response.erb (0.8ms)
Rendered /Users/Gavin/.rvm/rubies/ruby-1.9.2-p290/lib/ruby/gems/1.9.1/gems/actionpack-3.1.3/lib/action_dispatch/middleware/templates/rescues/template_error.erb within rescues/layout (4.7ms)


Started GET "/apples" for 127.0.0.1 at 2012-01-15 15:33:14 +0000
  Processing by ApplesController#index as HTML
  [1m[35mApple Load (0.1ms)[0m  SELECT "apples".* FROM "apples" 
Rendered apples/index.html.erb within layouts/application (47.6ms)
Completed 500 Internal Server Error in 57ms

ActionView::Template::Error (undefined local variable or method `apples' for #<#<Class:0x00000100c887b8>:0x00000100c679a0>):
    1: <% for apple in apples %>
    2:   <div><%= apple.id %></div>
    3: <% end %>
  app/views/apples/index.html.erb:1:in `_app_views_apples_index_html_erb___1664779478117254875_2153984060'

Rendered /Users/Gavin/.rvm/rubies/ruby-1.9.2-p290/lib/ruby/gems/1.9.1/gems/actionpack-3.1.3/lib/action_dispatch/middleware/templates/rescues/_trace.erb (1.3ms)
Rendered /Users/Gavin/.rvm/rubies/ruby-1.9.2-p290/lib/ruby/gems/1.9.1/gems/actionpack-3.1.3/lib/action_dispatch/middleware/templates/rescues/_request_and_response.erb (0.8ms)
Rendered /Users/Gavin/.rvm/rubies/ruby-1.9.2-p290/lib/ruby/gems/1.9.1/gems/actionpack-3.1.3/lib/action_dispatch/middleware/templates/rescues/template_error.erb within rescues/layout (4.0ms)


Started GET "/apples" for 127.0.0.1 at 2012-01-15 15:33:44 +0000
  Processing by ApplesController#index as HTML
  [1m[36mApple Load (0.1ms)[0m  [1mSELECT "apples".* FROM "apples" [0m
Rendered apples/index.html.erb within layouts/application (6.1ms)
Completed 200 OK in 43ms (Views: 35.8ms | ActiveRecord: 0.5ms)


Started GET "/assets/blogit.css" for 127.0.0.1 at 2012-01-15 15:33:44 +0000
Served asset /blogit.css - 404 Not Found (1ms)

ActionController::RoutingError (No route matches [GET] "/assets/blogit.css"):
  

Rendered /Users/Gavin/.rvm/rubies/ruby-1.9.2-p290/lib/ruby/gems/1.9.1/gems/actionpack-3.1.3/lib/action_dispatch/middleware/templates/rescues/routing_error.erb within rescues/layout (0.7ms)


Started GET "/assets/apples.css?body=1" for 127.0.0.1 at 2012-01-15 15:33:44 +0000
Served asset /apples.css - 304 Not Modified (1ms)


Started GET "/assets/application.css?body=1" for 127.0.0.1 at 2012-01-15 15:33:44 +0000
Served asset /application.css - 304 Not Modified (0ms)


Started GET "/apples/new" for 127.0.0.1 at 2012-01-15 15:33:54 +0000
  Processing by ApplesController#new as HTML
Rendered apples/new.html.erb within layouts/application (4.8ms)
Completed 200 OK in 13ms (Views: 11.2ms | ActiveRecord: 0.2ms)


Started GET "/assets/blogit.css" for 127.0.0.1 at 2012-01-15 15:33:54 +0000
Served asset /blogit.css - 404 Not Found (2ms)

ActionController::RoutingError (No route matches [GET] "/assets/blogit.css"):
  

Rendered /Users/Gavin/.rvm/rubies/ruby-1.9.2-p290/lib/ruby/gems/1.9.1/gems/actionpack-3.1.3/lib/action_dispatch/middleware/templates/rescues/routing_error.erb within rescues/layout (0.8ms)


Started GET "/assets/application.css?body=1" for 127.0.0.1 at 2012-01-15 15:33:54 +0000
Served asset /application.css - 304 Not Modified (0ms)


Started GET "/assets/apples.css?body=1" for 127.0.0.1 at 2012-01-15 15:33:54 +0000
Served asset /apples.css - 304 Not Modified (0ms)


Started POST "/apples" for 127.0.0.1 at 2012-01-15 15:34:24 +0000
  Processing by ApplesController#create as HTML
  Parameters: {"utf8"=>"✓", "authenticity_token"=>"+nEmBKi9P3LmXnQz601iBONOWMF6GE4Xs0WGll1JcBA=", "commit"=>"Create Apple"}
Completed 500 Internal Server Error in 13ms

NoMethodError (undefined method `apple' for #<ApplesController:0x00000102c72dd0>):
  

Rendered /Users/Gavin/.rvm/rubies/ruby-1.9.2-p290/lib/ruby/gems/1.9.1/gems/actionpack-3.1.3/lib/action_dispatch/middleware/templates/rescues/_trace.erb (1.1ms)
Rendered /Users/Gavin/.rvm/rubies/ruby-1.9.2-p290/lib/ruby/gems/1.9.1/gems/actionpack-3.1.3/lib/action_dispatch/middleware/templates/rescues/_request_and_response.erb (0.9ms)
Rendered /Users/Gavin/.rvm/rubies/ruby-1.9.2-p290/lib/ruby/gems/1.9.1/gems/actionpack-3.1.3/lib/action_dispatch/middleware/templates/rescues/diagnostics.erb within rescues/layout (3.7ms)
